{"level":"info","message":"Logger initialized successfully","service":"trading-platform","timestamp":"2024-12-19 13:30:46"}
{"level":"info","message":"Starting system tests...","service":"trading-platform","timestamp":"2024-12-19 13:30:46"}
{"level":"info","message":"Testing database connection...","service":"trading-platform","timestamp":"2024-12-19 13:30:46"}
{"level":"info","message":"Database connection has been established successfully.","service":"trading-platform","timestamp":"2024-12-19 13:30:47"}
{"level":"info","message":"Testing models...","service":"trading-platform","timestamp":"2024-12-19 13:30:47"}
{"0":"User","1":"Course","2":"Signal","level":"info","message":"Testing models:","service":"trading-platform","timestamp":"2024-12-19 13:30:47"}
{"level":"info","message":"Model User is working correctly","service":"trading-platform","timestamp":"2024-12-19 13:30:47"}
{"level":"info","message":"Model Course is working correctly","service":"trading-platform","timestamp":"2024-12-19 13:30:47"}
{"level":"info","message":"Model Signal is working correctly","service":"trading-platform","timestamp":"2024-12-19 13:30:47"}
{"level":"info","message":"Logger initialized successfully","service":"trading-platform","timestamp":"2024-12-19 14:47:08"}
{"level":"info","message":"[ROUTES] Registering protected route: /users","service":"trading-platform","timestamp":"2024-12-19 14:47:08"}
{"level":"info","message":"[ROUTES] Registering protected route: /signals","service":"trading-platform","timestamp":"2024-12-19 14:47:08"}
{"level":"info","message":"[ROUTES] Registering protected route: /trades","service":"trading-platform","timestamp":"2024-12-19 14:47:08"}
{"level":"info","message":"[ROUTES] Registering protected route: /education","service":"trading-platform","timestamp":"2024-12-19 14:47:08"}
{"level":"info","message":"[ROUTES] Registering protected route: /market-data","service":"trading-platform","timestamp":"2024-12-19 14:47:08"}
{"level":"info","message":"[DEBUG] Health check endpoint hit","service":"trading-platform","timestamp":"2024-12-19 14:47:26"}
{"database":"connected","level":"info","memory":{"arrayBuffers":66283,"external":3383787,"heapTotal":28114944,"heapUsed":24795896,"rss":66453504},"message":"Health check successful","service":"trading-platform","status":"healthy","timestamp":"2024-12-19T11:47:27.148Z","uptime":19.250720125}
{"level":"error","message":"Error registering user: You have an error in your SQL syntax; check the manual that corresponds to your MySQL server version for the right syntax to use near '? OR username = ?' at line 1","name":"SequelizeDatabaseError","original":{"code":"ER_PARSE_ERROR","errno":1064,"sql":"SELECT * FROM users WHERE email = ? OR username = ?","sqlMessage":"You have an error in your SQL syntax; check the manual that corresponds to your MySQL server version for the right syntax to use near '? OR username = ?' at line 1","sqlState":"42000"},"parameters":{},"parent":{"code":"ER_PARSE_ERROR","errno":1064,"sql":"SELECT * FROM users WHERE email = ? OR username = ?","sqlMessage":"You have an error in your SQL syntax; check the manual that corresponds to your MySQL server version for the right syntax to use near '? OR username = ?' at line 1","sqlState":"42000"},"service":"trading-platform","sql":"SELECT * FROM users WHERE email = ? OR username = ?","stack":"Error\n    at Query.run (/Users/eyupi/CascadeProjects/trading-platform/backend/node_modules/sequelize/lib/dialects/mysql/query.js:52:25)\n    at /Users/eyupi/CascadeProjects/trading-platform/backend/node_modules/sequelize/lib/sequelize.js:315:28\n    at process.processTicksAndRejections (node:internal/process/task_queues:105:5)\n    at async /Users/eyupi/CascadeProjects/trading-platform/backend/src/routes/auth.js:14:33","timestamp":"2024-12-19 14:47:33"}
{"level":"info","message":"Logger initialized successfully","service":"trading-platform","timestamp":"2024-12-19 14:54:39"}
{"level":"info","message":"[ROUTES] Registering protected route: /users","service":"trading-platform","timestamp":"2024-12-19 14:54:39"}
{"level":"info","message":"[ROUTES] Registering protected route: /signals","service":"trading-platform","timestamp":"2024-12-19 14:54:39"}
{"level":"info","message":"[ROUTES] Registering protected route: /trades","service":"trading-platform","timestamp":"2024-12-19 14:54:39"}
{"level":"info","message":"[ROUTES] Registering protected route: /education","service":"trading-platform","timestamp":"2024-12-19 14:54:39"}
{"level":"info","message":"[ROUTES] Registering protected route: /market-data","service":"trading-platform","timestamp":"2024-12-19 14:54:39"}
{"level":"error","message":"Error registering user: You have an error in your SQL syntax; check the manual that corresponds to your MySQL server version for the right syntax to use near '? OR username = ?' at line 1","name":"SequelizeDatabaseError","original":{"code":"ER_PARSE_ERROR","errno":1064,"sql":"SELECT * FROM users WHERE email = ? OR username = ?","sqlMessage":"You have an error in your SQL syntax; check the manual that corresponds to your MySQL server version for the right syntax to use near '? OR username = ?' at line 1","sqlState":"42000"},"parameters":{},"parent":{"code":"ER_PARSE_ERROR","errno":1064,"sql":"SELECT * FROM users WHERE email = ? OR username = ?","sqlMessage":"You have an error in your SQL syntax; check the manual that corresponds to your MySQL server version for the right syntax to use near '? OR username = ?' at line 1","sqlState":"42000"},"service":"trading-platform","sql":"SELECT * FROM users WHERE email = ? OR username = ?","stack":"Error\n    at Query.run (/Users/eyupi/CascadeProjects/trading-platform/backend/node_modules/sequelize/lib/dialects/mysql/query.js:52:25)\n    at /Users/eyupi/CascadeProjects/trading-platform/backend/node_modules/sequelize/lib/sequelize.js:315:28\n    at process.processTicksAndRejections (node:internal/process/task_queues:105:5)\n    at async /Users/eyupi/CascadeProjects/trading-platform/backend/src/routes/auth.js:14:33","timestamp":"2024-12-19 14:55:53"}
{"level":"error","message":"Error registering user: You have an error in your SQL syntax; check the manual that corresponds to your MySQL server version for the right syntax to use near '? OR username = ?' at line 1","name":"SequelizeDatabaseError","original":{"code":"ER_PARSE_ERROR","errno":1064,"sql":"SELECT * FROM users WHERE email = ? OR username = ?","sqlMessage":"You have an error in your SQL syntax; check the manual that corresponds to your MySQL server version for the right syntax to use near '? OR username = ?' at line 1","sqlState":"42000"},"parameters":{},"parent":{"code":"ER_PARSE_ERROR","errno":1064,"sql":"SELECT * FROM users WHERE email = ? OR username = ?","sqlMessage":"You have an error in your SQL syntax; check the manual that corresponds to your MySQL server version for the right syntax to use near '? OR username = ?' at line 1","sqlState":"42000"},"service":"trading-platform","sql":"SELECT * FROM users WHERE email = ? OR username = ?","stack":"Error\n    at Query.run (/Users/eyupi/CascadeProjects/trading-platform/backend/node_modules/sequelize/lib/dialects/mysql/query.js:52:25)\n    at /Users/eyupi/CascadeProjects/trading-platform/backend/node_modules/sequelize/lib/sequelize.js:315:28\n    at process.processTicksAndRejections (node:internal/process/task_queues:105:5)\n    at async /Users/eyupi/CascadeProjects/trading-platform/backend/src/routes/auth.js:14:33","timestamp":"2024-12-19 14:56:52"}
{"level":"error","message":"Error registering user: You have an error in your SQL syntax; check the manual that corresponds to your MySQL server version for the right syntax to use near '? OR username = ?' at line 1","name":"SequelizeDatabaseError","original":{"code":"ER_PARSE_ERROR","errno":1064,"sql":"SELECT * FROM users WHERE email = ? OR username = ?","sqlMessage":"You have an error in your SQL syntax; check the manual that corresponds to your MySQL server version for the right syntax to use near '? OR username = ?' at line 1","sqlState":"42000"},"parameters":{},"parent":{"code":"ER_PARSE_ERROR","errno":1064,"sql":"SELECT * FROM users WHERE email = ? OR username = ?","sqlMessage":"You have an error in your SQL syntax; check the manual that corresponds to your MySQL server version for the right syntax to use near '? OR username = ?' at line 1","sqlState":"42000"},"service":"trading-platform","sql":"SELECT * FROM users WHERE email = ? OR username = ?","stack":"Error\n    at Query.run (/Users/eyupi/CascadeProjects/trading-platform/backend/node_modules/sequelize/lib/dialects/mysql/query.js:52:25)\n    at /Users/eyupi/CascadeProjects/trading-platform/backend/node_modules/sequelize/lib/sequelize.js:315:28\n    at process.processTicksAndRejections (node:internal/process/task_queues:105:5)\n    at async /Users/eyupi/CascadeProjects/trading-platform/backend/src/routes/auth.js:14:33","timestamp":"2024-12-19 14:57:22"}
{"level":"info","message":"Logger initialized successfully","service":"trading-platform","timestamp":"2024-12-19 15:51:22"}
{"level":"info","message":"[ROUTES] Registering protected route: /users","service":"trading-platform","timestamp":"2024-12-19 15:51:23"}
{"level":"info","message":"[ROUTES] Registering protected route: /signals","service":"trading-platform","timestamp":"2024-12-19 15:51:23"}
{"level":"info","message":"[ROUTES] Registering protected route: /trades","service":"trading-platform","timestamp":"2024-12-19 15:51:23"}
{"level":"info","message":"[ROUTES] Registering protected route: /education","service":"trading-platform","timestamp":"2024-12-19 15:51:23"}
{"level":"info","message":"[ROUTES] Registering protected route: /market-data","service":"trading-platform","timestamp":"2024-12-19 15:51:23"}
{"level":"info","message":"Server is running on port 5001","service":"trading-platform","timestamp":"2024-12-19 15:51:23"}
{"level":"info","message":"Database connection successful","service":"trading-platform","timestamp":"2024-12-19 15:51:23"}
{"level":"info","message":"Logger initialized successfully","service":"trading-platform","timestamp":"2024-12-19 15:54:26"}
{"level":"info","message":"[ROUTES] Registering protected route: /users","service":"trading-platform","timestamp":"2024-12-19 15:54:26"}
{"level":"info","message":"[ROUTES] Registering protected route: /signals","service":"trading-platform","timestamp":"2024-12-19 15:54:26"}
{"level":"info","message":"[ROUTES] Registering protected route: /trades","service":"trading-platform","timestamp":"2024-12-19 15:54:26"}
{"level":"info","message":"[ROUTES] Registering protected route: /education","service":"trading-platform","timestamp":"2024-12-19 15:54:26"}
{"level":"info","message":"[ROUTES] Registering protected route: /market-data","service":"trading-platform","timestamp":"2024-12-19 15:54:26"}
{"level":"info","message":"Server is running on port 5001","service":"trading-platform","timestamp":"2024-12-19 15:54:26"}
{"level":"info","message":"Database connection successful","service":"trading-platform","timestamp":"2024-12-19 15:54:26"}
{"level":"info","message":"[AUTH] Token verified for user: 5cd00605-9712-4b2e-a541-cd5cbc3a5ca0","service":"trading-platform","timestamp":"2024-12-19 15:55:33"}
{"level":"info","message":"[AUTH] Token verified for user: 5cd00605-9712-4b2e-a541-cd5cbc3a5ca0","service":"trading-platform","timestamp":"2024-12-19 15:55:33"}
{"level":"info","message":"[AUTH] Token verified for user: 5cd00605-9712-4b2e-a541-cd5cbc3a5ca0","service":"trading-platform","timestamp":"2024-12-19 15:55:33"}
{"level":"info","message":"[AUTH] Token verified for user: 5cd00605-9712-4b2e-a541-cd5cbc3a5ca0","service":"trading-platform","timestamp":"2024-12-19 15:55:33"}
{"code":"ER_PARSE_ERROR","errno":1064,"level":"error","message":"You have an error in your SQL syntax; check the manual that corresponds to your MySQL server version for the right syntax to use near ''DESC' LIMIT 10 OFFSET 0' at line 1","service":"trading-platform","sql":"SELECT * FROM courses ORDER BY `created_at` 'DESC' LIMIT 10 OFFSET 0","sqlMessage":"You have an error in your SQL syntax; check the manual that corresponds to your MySQL server version for the right syntax to use near ''DESC' LIMIT 10 OFFSET 0' at line 1","sqlState":"42000","stack":"Error: You have an error in your SQL syntax; check the manual that corresponds to your MySQL server version for the right syntax to use near ''DESC' LIMIT 10 OFFSET 0' at line 1\n    at PromisePool.query (/Users/eyupi/CascadeProjects/trading-platform/backend/node_modules/mysql2/lib/promise/pool.js:36:22)\n    at Course.findAll (/Users/eyupi/CascadeProjects/trading-platform/backend/src/models/Course.js:11:36)\n    at /Users/eyupi/CascadeProjects/trading-platform/backend/src/routes/education.js:13:34\n    at Layer.handle [as handle_request] (/Users/eyupi/CascadeProjects/trading-platform/backend/node_modules/express/lib/router/layer.js:95:5)\n    at next (/Users/eyupi/CascadeProjects/trading-platform/backend/node_modules/express/lib/router/route.js:149:13)\n    at /Users/eyupi/CascadeProjects/trading-platform/backend/src/middleware/auth.js:47:24\n    at Layer.handle [as handle_request] (/Users/eyupi/CascadeProjects/trading-platform/backend/node_modules/express/lib/router/layer.js:95:5)\n    at next (/Users/eyupi/CascadeProjects/trading-platform/backend/node_modules/express/lib/router/route.js:149:13)\n    at Route.dispatch (/Users/eyupi/CascadeProjects/trading-platform/backend/node_modules/express/lib/router/route.js:119:3)\n    at Layer.handle [as handle_request] (/Users/eyupi/CascadeProjects/trading-platform/backend/node_modules/express/lib/router/layer.js:95:5)","timestamp":"2024-12-19 15:55:33"}
{"level":"info","message":"[AUTH] Token verified for user: 6879d685-ae61-4c69-8848-98e361be5bae","service":"trading-platform","timestamp":"2024-12-19 15:56:20"}
{"level":"info","message":"[AUTH] Token verified for user: 6879d685-ae61-4c69-8848-98e361be5bae","service":"trading-platform","timestamp":"2024-12-19 15:56:20"}
{"level":"info","message":"[AUTH] Token verified for user: 6879d685-ae61-4c69-8848-98e361be5bae","service":"trading-platform","timestamp":"2024-12-19 15:56:20"}
{"level":"info","message":"[AUTH] Token verified for user: 6879d685-ae61-4c69-8848-98e361be5bae","service":"trading-platform","timestamp":"2024-12-19 15:56:20"}
{"code":"ER_PARSE_ERROR","errno":1064,"level":"error","message":"You have an error in your SQL syntax; check the manual that corresponds to your MySQL server version for the right syntax to use near ''DESC' LIMIT 10 OFFSET 0' at line 1","service":"trading-platform","sql":"SELECT * FROM courses ORDER BY `created_at` 'DESC' LIMIT 10 OFFSET 0","sqlMessage":"You have an error in your SQL syntax; check the manual that corresponds to your MySQL server version for the right syntax to use near ''DESC' LIMIT 10 OFFSET 0' at line 1","sqlState":"42000","stack":"Error: You have an error in your SQL syntax; check the manual that corresponds to your MySQL server version for the right syntax to use near ''DESC' LIMIT 10 OFFSET 0' at line 1\n    at PromisePool.query (/Users/eyupi/CascadeProjects/trading-platform/backend/node_modules/mysql2/lib/promise/pool.js:36:22)\n    at Course.findAll (/Users/eyupi/CascadeProjects/trading-platform/backend/src/models/Course.js:11:36)\n    at /Users/eyupi/CascadeProjects/trading-platform/backend/src/routes/education.js:13:34\n    at Layer.handle [as handle_request] (/Users/eyupi/CascadeProjects/trading-platform/backend/node_modules/express/lib/router/layer.js:95:5)\n    at next (/Users/eyupi/CascadeProjects/trading-platform/backend/node_modules/express/lib/router/route.js:149:13)\n    at /Users/eyupi/CascadeProjects/trading-platform/backend/src/middleware/auth.js:47:24\n    at Layer.handle [as handle_request] (/Users/eyupi/CascadeProjects/trading-platform/backend/node_modules/express/lib/router/layer.js:95:5)\n    at next (/Users/eyupi/CascadeProjects/trading-platform/backend/node_modules/express/lib/router/route.js:149:13)\n    at Route.dispatch (/Users/eyupi/CascadeProjects/trading-platform/backend/node_modules/express/lib/router/route.js:119:3)\n    at Layer.handle [as handle_request] (/Users/eyupi/CascadeProjects/trading-platform/backend/node_modules/express/lib/router/layer.js:95:5)","timestamp":"2024-12-19 15:56:20"}
{"level":"info","message":"[AUTH] Token verified for user: 6879d685-ae61-4c69-8848-98e361be5bae","service":"trading-platform","timestamp":"2024-12-19 15:56:20"}
{"level":"info","message":"[AUTH] Token verified for user: 6879d685-ae61-4c69-8848-98e361be5bae","service":"trading-platform","timestamp":"2024-12-19 15:56:20"}
{"level":"info","message":"[AUTH] Token verified for user: 6879d685-ae61-4c69-8848-98e361be5bae","service":"trading-platform","timestamp":"2024-12-19 15:56:20"}
{"level":"info","message":"[AUTH] Token verified for user: 6879d685-ae61-4c69-8848-98e361be5bae","service":"trading-platform","timestamp":"2024-12-19 15:56:20"}
{"level":"info","message":"[AUTH] Token verified for user: 6879d685-ae61-4c69-8848-98e361be5bae","service":"trading-platform","timestamp":"2024-12-19 15:56:20"}
{"level":"info","message":"[AUTH] Token verified for user: 6879d685-ae61-4c69-8848-98e361be5bae","service":"trading-platform","timestamp":"2024-12-19 15:56:20"}
{"level":"error","message":"Error submitting quiz: Quiz not found","service":"trading-platform","stack":"Error: Quiz not found\n    at Quiz.submitQuiz (/Users/eyupi/CascadeProjects/trading-platform/backend/src/models/Quiz.js:67:19)\n    at process.processTicksAndRejections (node:internal/process/task_queues:105:5)\n    at async /Users/eyupi/CascadeProjects/trading-platform/backend/src/routes/education.js:117:20","timestamp":"2024-12-19 15:56:20"}
{"level":"info","message":"[AUTH] Token verified for user: 6879d685-ae61-4c69-8848-98e361be5bae","service":"trading-platform","timestamp":"2024-12-19 15:56:20"}
{"level":"warn","message":"[AUTH] Role check failed: user 6879d685-ae61-4c69-8848-98e361be5bae is not trader","service":"trading-platform","timestamp":"2024-12-19 15:56:20"}
{"level":"info","message":"[AUTH] Token verified for user: 6879d685-ae61-4c69-8848-98e361be5bae","service":"trading-platform","timestamp":"2024-12-19 15:56:20"}
{"code":"ER_NO_SUCH_TABLE","errno":1146,"level":"error","message":"Table 'trading_signals.trades' doesn't exist","service":"trading-platform","sql":"SELECT s.*, u.username as trader_name, \n             COUNT(DISTINCT t.trade_id) as total_trades,\n             AVG(t.pnl) as average_pnl\n             FROM signals s \n             LEFT JOIN users u ON s.trader_id = u.user_id\n             LEFT JOIN trades t ON s.signal_id = t.signal_id\n             GROUP BY s.signal_id\n             ORDER BY s.created_at DESC","sqlMessage":"Table 'trading_signals.trades' doesn't exist","sqlState":"42S02","stack":"Error: Table 'trading_signals.trades' doesn't exist\n    at PromisePool.query (/Users/eyupi/CascadeProjects/trading-platform/backend/node_modules/mysql2/lib/promise/pool.js:36:22)\n    at /Users/eyupi/CascadeProjects/trading-platform/backend/src/routes/signals.js:10:36\n    at Layer.handle [as handle_request] (/Users/eyupi/CascadeProjects/trading-platform/backend/node_modules/express/lib/router/layer.js:95:5)\n    at next (/Users/eyupi/CascadeProjects/trading-platform/backend/node_modules/express/lib/router/route.js:149:13)\n    at Route.dispatch (/Users/eyupi/CascadeProjects/trading-platform/backend/node_modules/express/lib/router/route.js:119:3)\n    at Layer.handle [as handle_request] (/Users/eyupi/CascadeProjects/trading-platform/backend/node_modules/express/lib/router/layer.js:95:5)\n    at /Users/eyupi/CascadeProjects/trading-platform/backend/node_modules/express/lib/router/index.js:284:15\n    at Function.process_params (/Users/eyupi/CascadeProjects/trading-platform/backend/node_modules/express/lib/router/index.js:346:12)\n    at next (/Users/eyupi/CascadeProjects/trading-platform/backend/node_modules/express/lib/router/index.js:280:10)\n    at Function.handle (/Users/eyupi/CascadeProjects/trading-platform/backend/node_modules/express/lib/router/index.js:175:3)","timestamp":"2024-12-19 15:56:20"}
{"level":"info","message":"[AUTH] Token verified for user: 6879d685-ae61-4c69-8848-98e361be5bae","service":"trading-platform","timestamp":"2024-12-19 15:56:20"}
{"level":"info","message":"[AUTH] Token verified for user: 6879d685-ae61-4c69-8848-98e361be5bae","service":"trading-platform","timestamp":"2024-12-19 15:56:20"}
{"code":"ER_BAD_FIELD_ERROR","errno":1054,"level":"error","message":"Unknown column 'last_accessed_at' in 'field list'","service":"trading-platform","sql":"INSERT INTO progress (user_id, course_id, lesson_id, status, completed_at) VALUES ('6879d685-ae61-4c69-8848-98e361be5bae', 'undefined', 'completed', '2024-12-19 15:56:20.879', NULL) ON DUPLICATE KEY UPDATE status = VALUES(status), completed_at = VALUES(completed_at), last_accessed_at = NOW()","sqlMessage":"Unknown column 'last_accessed_at' in 'field list'","sqlState":"42S22","stack":"Error: Unknown column 'last_accessed_at' in 'field list'\n    at PromisePool.query (/Users/eyupi/CascadeProjects/trading-platform/backend/node_modules/mysql2/lib/promise/pool.js:36:22)\n    at Progress.updateProgress (/Users/eyupi/CascadeProjects/trading-platform/backend/src/models/Progress.js:66:18)\n    at /Users/eyupi/CascadeProjects/trading-platform/backend/src/routes/education.js:64:37\n    at Layer.handle [as handle_request] (/Users/eyupi/CascadeProjects/trading-platform/backend/node_modules/express/lib/router/layer.js:95:5)\n    at next (/Users/eyupi/CascadeProjects/trading-platform/backend/node_modules/express/lib/router/route.js:149:13)\n    at /Users/eyupi/CascadeProjects/trading-platform/backend/src/middleware/auth.js:47:24\n    at Layer.handle [as handle_request] (/Users/eyupi/CascadeProjects/trading-platform/backend/node_modules/express/lib/router/layer.js:95:5)\n    at next (/Users/eyupi/CascadeProjects/trading-platform/backend/node_modules/express/lib/router/route.js:149:13)\n    at Route.dispatch (/Users/eyupi/CascadeProjects/trading-platform/backend/node_modules/express/lib/router/route.js:119:3)\n    at Layer.handle [as handle_request] (/Users/eyupi/CascadeProjects/trading-platform/backend/node_modules/express/lib/router/layer.js:95:5)","timestamp":"2024-12-19 15:56:20"}
{"level":"info","message":"[AUTH] Token verified for user: 6879d685-ae61-4c69-8848-98e361be5bae","service":"trading-platform","timestamp":"2024-12-19 15:56:20"}
{"level":"info","message":"[AUTH] Token verified for user: 6879d685-ae61-4c69-8848-98e361be5bae","service":"trading-platform","timestamp":"2024-12-19 15:56:20"}
{"code":"ER_BAD_FIELD_ERROR","errno":1054,"level":"error","message":"Unknown column 'p.last_accessed_at' in 'field list'","service":"trading-platform","sql":"SELECT \n                c.id as course_id,\n                c.title as course_title,\n                COUNT(l.id) as total_lessons,\n                COUNT(p.id) as completed_lessons,\n                (COUNT(p.id) * 100.0 / COUNT(l.id)) as completion_percentage,\n                MAX(p.last_accessed_at) as last_accessed_at\n            FROM courses c\n            LEFT JOIN lessons l ON l.course_id = c.id\n            LEFT JOIN progress p ON p.lesson_id = l.id AND p.user_id = '6879d685-ae61-4c69-8848-98e361be5bae'\n            GROUP BY c.id, c.title\n            ORDER BY last_accessed_at DESC","sqlMessage":"Unknown column 'p.last_accessed_at' in 'field list'","sqlState":"42S22","stack":"Error: Unknown column 'p.last_accessed_at' in 'field list'\n    at PromisePool.query (/Users/eyupi/CascadeProjects/trading-platform/backend/node_modules/mysql2/lib/promise/pool.js:36:22)\n    at Progress.getUserProgress (/Users/eyupi/CascadeProjects/trading-platform/backend/src/models/Progress.js:100:35)\n    at /Users/eyupi/CascadeProjects/trading-platform/backend/src/routes/education.js:91:37\n    at Layer.handle [as handle_request] (/Users/eyupi/CascadeProjects/trading-platform/backend/node_modules/express/lib/router/layer.js:95:5)\n    at next (/Users/eyupi/CascadeProjects/trading-platform/backend/node_modules/express/lib/router/route.js:149:13)\n    at /Users/eyupi/CascadeProjects/trading-platform/backend/src/middleware/auth.js:47:24\n    at Layer.handle [as handle_request] (/Users/eyupi/CascadeProjects/trading-platform/backend/node_modules/express/lib/router/layer.js:95:5)\n    at next (/Users/eyupi/CascadeProjects/trading-platform/backend/node_modules/express/lib/router/route.js:149:13)\n    at Route.dispatch (/Users/eyupi/CascadeProjects/trading-platform/backend/node_modules/express/lib/router/route.js:119:3)\n    at Layer.handle [as handle_request] (/Users/eyupi/CascadeProjects/trading-platform/backend/node_modules/express/lib/router/layer.js:95:5)","timestamp":"2024-12-19 15:56:20"}
{"level":"info","message":"Logger initialized successfully","service":"trading-platform","timestamp":"2024-12-19 16:01:21"}
{"level":"info","message":"[ROUTES] Registering protected route: /users","service":"trading-platform","timestamp":"2024-12-19 16:01:21"}
{"level":"info","message":"[ROUTES] Registering protected route: /signals","service":"trading-platform","timestamp":"2024-12-19 16:01:21"}
{"level":"info","message":"[ROUTES] Registering protected route: /trades","service":"trading-platform","timestamp":"2024-12-19 16:01:21"}
{"level":"info","message":"[ROUTES] Registering protected route: /markets","service":"trading-platform","timestamp":"2024-12-19 16:01:21"}
{"level":"info","message":"[ROUTES] Registering protected route: /market-data","service":"trading-platform","timestamp":"2024-12-19 16:01:21"}
{"level":"info","message":"Server is running on port 5001","service":"trading-platform","timestamp":"2024-12-19 16:01:21"}
{"level":"info","message":"Database connection successful","service":"trading-platform","timestamp":"2024-12-19 16:01:21"}
{"level":"info","message":"Logger initialized successfully","service":"trading-platform","timestamp":"2024-12-19 16:59:56"}
{"level":"info","message":"[ROUTES] Registering protected route: /users","service":"trading-platform","timestamp":"2024-12-19 16:59:56"}
{"level":"info","message":"[ROUTES] Registering protected route: /signals","service":"trading-platform","timestamp":"2024-12-19 16:59:56"}
{"level":"info","message":"[ROUTES] Registering protected route: /trades","service":"trading-platform","timestamp":"2024-12-19 16:59:56"}
{"level":"info","message":"[ROUTES] Registering protected route: /markets","service":"trading-platform","timestamp":"2024-12-19 16:59:56"}
{"level":"info","message":"[ROUTES] Registering protected route: /market-data","service":"trading-platform","timestamp":"2024-12-19 16:59:56"}
{"level":"info","message":"Server is running on port 5001","service":"trading-platform","timestamp":"2024-12-19 16:59:56"}
{"level":"info","message":"WebSocket server is running on port 5002","service":"trading-platform","timestamp":"2024-12-19 16:59:56"}
{"level":"info","message":"Database connection successful","service":"trading-platform","timestamp":"2024-12-19 16:59:56"}
{"level":"info","message":"Logger initialized successfully","service":"trading-platform","timestamp":"2024-12-19 17:01:39"}
{"level":"info","message":"[ROUTES] Registering protected route: /users","service":"trading-platform","timestamp":"2024-12-19 17:01:39"}
{"level":"info","message":"[ROUTES] Registering protected route: /signals","service":"trading-platform","timestamp":"2024-12-19 17:01:39"}
{"level":"info","message":"[ROUTES] Registering protected route: /trades","service":"trading-platform","timestamp":"2024-12-19 17:01:39"}
{"level":"info","message":"[ROUTES] Registering protected route: /markets","service":"trading-platform","timestamp":"2024-12-19 17:01:39"}
{"level":"info","message":"[ROUTES] Registering protected route: /market-data","service":"trading-platform","timestamp":"2024-12-19 17:01:39"}
{"level":"info","message":"Server is running on port 5001","service":"trading-platform","timestamp":"2024-12-19 17:01:39"}
{"level":"info","message":"WebSocket server is running on port 5002","service":"trading-platform","timestamp":"2024-12-19 17:01:39"}
{"level":"info","message":"Database connection successful","service":"trading-platform","timestamp":"2024-12-19 17:01:39"}
{"level":"error","message":"Error logging in: Illegal arguments: string, undefined","service":"trading-platform","stack":"Error: Illegal arguments: string, undefined\n    at _async (/Users/eyupi/CascadeProjects/trading-platform/backend/node_modules/bcryptjs/dist/bcrypt.js:286:46)\n    at /Users/eyupi/CascadeProjects/trading-platform/backend/node_modules/bcryptjs/dist/bcrypt.js:307:17\n    at new Promise (<anonymous>)\n    at bcrypt.compare (/Users/eyupi/CascadeProjects/trading-platform/backend/node_modules/bcryptjs/dist/bcrypt.js:306:20)\n    at User.comparePassword (/Users/eyupi/CascadeProjects/trading-platform/backend/src/models/User.js:29:23)\n    at /Users/eyupi/CascadeProjects/trading-platform/backend/src/routes/auth.js:59:42\n    at process.processTicksAndRejections (node:internal/process/task_queues:105:5)","timestamp":"2024-12-19 17:02:18"}
{"level":"info","message":"Logger initialized successfully","service":"trading-platform","timestamp":"2024-12-19 17:03:25"}
{"level":"info","message":"[ROUTES] Registering protected route: /users","service":"trading-platform","timestamp":"2024-12-19 17:03:25"}
{"level":"info","message":"[ROUTES] Registering protected route: /signals","service":"trading-platform","timestamp":"2024-12-19 17:03:25"}
{"level":"info","message":"[ROUTES] Registering protected route: /trades","service":"trading-platform","timestamp":"2024-12-19 17:03:25"}
{"level":"info","message":"[ROUTES] Registering protected route: /markets","service":"trading-platform","timestamp":"2024-12-19 17:03:25"}
{"level":"info","message":"[ROUTES] Registering protected route: /market-data","service":"trading-platform","timestamp":"2024-12-19 17:03:25"}
{"level":"info","message":"Server is running on port 5001","service":"trading-platform","timestamp":"2024-12-19 17:03:25"}
{"level":"info","message":"WebSocket server is running on port 5002","service":"trading-platform","timestamp":"2024-12-19 17:03:25"}
{"level":"info","message":"Database connection successful","service":"trading-platform","timestamp":"2024-12-19 17:03:25"}
{"level":"info","message":"[AUTH] Token verified for user: 3","service":"trading-platform","timestamp":"2024-12-19 17:05:54"}
{"level":"info","message":"Logger initialized successfully","service":"trading-platform","timestamp":"2024-12-19 17:07:23"}
{"level":"info","message":"[ROUTES] Registering protected route: /users","service":"trading-platform","timestamp":"2024-12-19 17:07:23"}
{"level":"info","message":"[ROUTES] Registering protected route: /signals","service":"trading-platform","timestamp":"2024-12-19 17:07:23"}
{"level":"info","message":"[ROUTES] Registering protected route: /trades","service":"trading-platform","timestamp":"2024-12-19 17:07:23"}
{"level":"info","message":"[ROUTES] Registering protected route: /markets","service":"trading-platform","timestamp":"2024-12-19 17:07:23"}
{"level":"info","message":"[ROUTES] Registering protected route: /market-data","service":"trading-platform","timestamp":"2024-12-19 17:07:23"}
{"level":"info","message":"Server is running on port 5001","service":"trading-platform","timestamp":"2024-12-19 17:07:23"}
{"level":"info","message":"WebSocket server is running on port 5002","service":"trading-platform","timestamp":"2024-12-19 17:07:23"}
{"level":"info","message":"Database connection successful","service":"trading-platform","timestamp":"2024-12-19 17:07:23"}
{"level":"info","message":"[AUTH] Token verified for user: 3","service":"trading-platform","timestamp":"2024-12-19 17:07:38"}
{"level":"info","message":"Logger initialized successfully","service":"trading-platform","timestamp":"2024-12-19 17:09:03"}
{"level":"info","message":"[ROUTES] Registering protected route: /users","service":"trading-platform","timestamp":"2024-12-19 17:09:03"}
{"level":"info","message":"[ROUTES] Registering protected route: /signals","service":"trading-platform","timestamp":"2024-12-19 17:09:03"}
{"level":"info","message":"[ROUTES] Registering protected route: /trades","service":"trading-platform","timestamp":"2024-12-19 17:09:03"}
{"level":"info","message":"[ROUTES] Registering protected route: /markets","service":"trading-platform","timestamp":"2024-12-19 17:09:03"}
{"level":"info","message":"[ROUTES] Registering protected route: /market-data","service":"trading-platform","timestamp":"2024-12-19 17:09:03"}
{"level":"info","message":"Server is running on port 5001","service":"trading-platform","timestamp":"2024-12-19 17:09:03"}
{"level":"info","message":"WebSocket server is running on port 5002","service":"trading-platform","timestamp":"2024-12-19 17:09:03"}
{"level":"info","message":"Database connection successful","service":"trading-platform","timestamp":"2024-12-19 17:09:04"}
{"level":"info","message":"[AUTH] Token verified for user: 3","service":"trading-platform","timestamp":"2024-12-19 17:09:52"}
{"level":"info","message":"Logger initialized successfully","service":"trading-platform","timestamp":"2024-12-19 17:11:44"}
{"level":"info","message":"[ROUTES] Registering protected route: /users","service":"trading-platform","timestamp":"2024-12-19 17:11:44"}
{"level":"info","message":"[ROUTES] Registering protected route: /signals","service":"trading-platform","timestamp":"2024-12-19 17:11:44"}
{"level":"info","message":"[ROUTES] Registering protected route: /trades","service":"trading-platform","timestamp":"2024-12-19 17:11:44"}
{"level":"info","message":"[ROUTES] Registering protected route: /markets","service":"trading-platform","timestamp":"2024-12-19 17:11:44"}
{"level":"info","message":"[ROUTES] Registering protected route: /market-data","service":"trading-platform","timestamp":"2024-12-19 17:11:44"}
{"level":"info","message":"Server is running on port 5001","service":"trading-platform","timestamp":"2024-12-19 17:11:44"}
{"level":"info","message":"WebSocket server is running on port 5002","service":"trading-platform","timestamp":"2024-12-19 17:11:44"}
{"level":"info","message":"Database connection successful","service":"trading-platform","timestamp":"2024-12-19 17:11:44"}
{"level":"info","message":"[AUTH] Token verified for user: 3","service":"trading-platform","timestamp":"2024-12-19 17:11:57"}
{"level":"info","message":"Logger initialized successfully","service":"trading-platform","timestamp":"2024-12-19 17:20:15"}
{"level":"info","message":"[ROUTES] Registering trader route: /trader/auth","service":"trading-platform","timestamp":"2024-12-19 17:20:15"}
{"level":"info","message":"[ROUTES] Registering trader route: /trader/signals","service":"trading-platform","timestamp":"2024-12-19 17:20:15"}
{"level":"info","message":"[ROUTES] Registering trader route: /trader/performance","service":"trading-platform","timestamp":"2024-12-19 17:20:15"}
{"level":"info","message":"[ROUTES] Registering mobile route: /auth","service":"trading-platform","timestamp":"2024-12-19 17:20:15"}
{"level":"info","message":"[ROUTES] Registering mobile route: /markets","service":"trading-platform","timestamp":"2024-12-19 17:20:15"}
{"level":"info","message":"[ROUTES] Registering mobile route: /trades","service":"trading-platform","timestamp":"2024-12-19 17:20:15"}
{"level":"info","message":"[ROUTES] Registering mobile route: /news","service":"trading-platform","timestamp":"2024-12-19 17:20:15"}
{"level":"info","message":"[ROUTES] Registering mobile route: /profile","service":"trading-platform","timestamp":"2024-12-19 17:20:15"}
{"level":"info","message":"[ROUTES] Registering mobile route: /settings","service":"trading-platform","timestamp":"2024-12-19 17:20:15"}
{"level":"info","message":"Server is running on port 5001","service":"trading-platform","timestamp":"2024-12-19 17:20:15"}
{"level":"info","message":"WebSocket server is running on port 5002","service":"trading-platform","timestamp":"2024-12-19 17:20:15"}
{"level":"info","message":"Database connection successful","service":"trading-platform","timestamp":"2024-12-19 17:20:16"}
{"level":"info","message":"[AUTH] Token verified for user: 3","service":"trading-platform","timestamp":"2024-12-19 17:20:33"}
{"level":"info","message":"[AUTH] Token verified for user: 4","service":"trading-platform","timestamp":"2024-12-19 17:20:51"}
{"level":"info","message":"[AUTH] Token verified for user: 4","service":"trading-platform","timestamp":"2024-12-19 17:20:51"}
{"code":"ER_BAD_FIELD_ERROR","errno":1054,"level":"error","message":"Unknown column 'm.market_id' in 'on clause'","service":"trading-platform","sql":"SELECT t.*, u.username as trader_name, s.entry_price as signal_entry_price,\n                        s.take_profit, s.stop_loss, m.name as market_name \n                 FROM trades t \n                 JOIN users u ON t.trader_id = u.user_id \n                 JOIN signals s ON t.signal_id = s.signal_id\n                 JOIN markets m ON s.market_id = m.market_id\n                 ORDER BY t.created_at DESC","sqlMessage":"Unknown column 'm.market_id' in 'on clause'","sqlState":"42S22","stack":"Error: Unknown column 'm.market_id' in 'on clause'\n    at PromisePool.query (/Users/eyupi/CascadeProjects/trading-platform/backend/node_modules/mysql2/lib/promise/pool.js:36:22)\n    at Trade.findAll (/Users/eyupi/CascadeProjects/trading-platform/backend/src/models/Trade.js:7:39)\n    at /Users/eyupi/CascadeProjects/trading-platform/backend/src/routes/trades.js:10:36\n    at Layer.handle [as handle_request] (/Users/eyupi/CascadeProjects/trading-platform/backend/node_modules/express/lib/router/layer.js:95:5)\n    at next (/Users/eyupi/CascadeProjects/trading-platform/backend/node_modules/express/lib/router/route.js:149:13)\n    at /Users/eyupi/CascadeProjects/trading-platform/backend/src/middleware/auth.js:47:24\n    at Layer.handle [as handle_request] (/Users/eyupi/CascadeProjects/trading-platform/backend/node_modules/express/lib/router/layer.js:95:5)\n    at next (/Users/eyupi/CascadeProjects/trading-platform/backend/node_modules/express/lib/router/route.js:149:13)\n    at Route.dispatch (/Users/eyupi/CascadeProjects/trading-platform/backend/node_modules/express/lib/router/route.js:119:3)\n    at Layer.handle [as handle_request] (/Users/eyupi/CascadeProjects/trading-platform/backend/node_modules/express/lib/router/layer.js:95:5)","timestamp":"2024-12-19 17:20:51"}
{"code":"ER_BAD_FIELD_ERROR","errno":1054,"level":"error","message":"Unknown column 'm.market_id' in 'on clause'","service":"trading-platform","sql":"SELECT t.*, u.username as trader_name, s.entry_price as signal_entry_price,\n                        s.take_profit, s.stop_loss, m.name as market_name \n                 FROM trades t \n                 JOIN users u ON t.trader_id = u.user_id \n                 JOIN signals s ON t.signal_id = s.signal_id\n                 JOIN markets m ON s.market_id = m.market_id\n                 ORDER BY t.created_at DESC","sqlMessage":"Unknown column 'm.market_id' in 'on clause'","sqlState":"42S22","stack":"Error: Unknown column 'm.market_id' in 'on clause'\n    at PromisePool.query (/Users/eyupi/CascadeProjects/trading-platform/backend/node_modules/mysql2/lib/promise/pool.js:36:22)\n    at Trade.findAll (/Users/eyupi/CascadeProjects/trading-platform/backend/src/models/Trade.js:7:39)\n    at /Users/eyupi/CascadeProjects/trading-platform/backend/src/routes/trades.js:10:36\n    at Layer.handle [as handle_request] (/Users/eyupi/CascadeProjects/trading-platform/backend/node_modules/express/lib/router/layer.js:95:5)\n    at next (/Users/eyupi/CascadeProjects/trading-platform/backend/node_modules/express/lib/router/route.js:149:13)\n    at /Users/eyupi/CascadeProjects/trading-platform/backend/src/middleware/auth.js:47:24\n    at Layer.handle [as handle_request] (/Users/eyupi/CascadeProjects/trading-platform/backend/node_modules/express/lib/router/layer.js:95:5)\n    at next (/Users/eyupi/CascadeProjects/trading-platform/backend/node_modules/express/lib/router/route.js:149:13)\n    at Route.dispatch (/Users/eyupi/CascadeProjects/trading-platform/backend/node_modules/express/lib/router/route.js:119:3)\n    at Layer.handle [as handle_request] (/Users/eyupi/CascadeProjects/trading-platform/backend/node_modules/express/lib/router/layer.js:95:5)","timestamp":"2024-12-19 17:20:51"}
{"level":"info","message":"Logger initialized successfully","service":"trading-platform","timestamp":"2024-12-19 17:26:36"}
{"level":"info","message":"[ROUTES] Registering trader route: /trader/auth","service":"trading-platform","timestamp":"2024-12-19 17:26:36"}
{"level":"info","message":"[ROUTES] Registering trader route: /trader/signals","service":"trading-platform","timestamp":"2024-12-19 17:26:36"}
{"level":"info","message":"[ROUTES] Registering trader route: /trader/performance","service":"trading-platform","timestamp":"2024-12-19 17:26:36"}
{"level":"info","message":"[ROUTES] Registering mobile route: /auth","service":"trading-platform","timestamp":"2024-12-19 17:26:36"}
{"level":"info","message":"[ROUTES] Registering mobile route: /markets","service":"trading-platform","timestamp":"2024-12-19 17:26:36"}
{"level":"info","message":"[ROUTES] Registering mobile route: /trades","service":"trading-platform","timestamp":"2024-12-19 17:26:36"}
{"level":"info","message":"[ROUTES] Registering mobile route: /news","service":"trading-platform","timestamp":"2024-12-19 17:26:36"}
{"level":"info","message":"[ROUTES] Registering mobile route: /profile","service":"trading-platform","timestamp":"2024-12-19 17:26:36"}
{"level":"info","message":"[ROUTES] Registering mobile route: /settings","service":"trading-platform","timestamp":"2024-12-19 17:26:36"}
{"level":"info","message":"Server is running on port 5001","service":"trading-platform","timestamp":"2024-12-19 17:26:36"}
{"level":"info","message":"WebSocket server is running on port 5002","service":"trading-platform","timestamp":"2024-12-19 17:26:36"}
{"level":"info","message":"Database connection successful","service":"trading-platform","timestamp":"2024-12-19 17:26:36"}
{"level":"info","message":"[AUTH] Token verified for user: 4","service":"trading-platform","timestamp":"2024-12-19 17:26:46"}
{"level":"info","message":"[AUTH] Token verified for user: 4","service":"trading-platform","timestamp":"2024-12-19 17:26:54"}
{"code":"ER_BAD_FIELD_ERROR","errno":1054,"level":"error","message":"Unknown column 'user_id' in 'field list'","service":"trading-platform","sql":"INSERT INTO trades (user_id, signal_id, symbol, entry_price, \n                position_size, direction, status)\n             VALUES (4, '1', 'BTC/USDT', '42000.00000000', 0.1, 'BUY', 'OPEN')","sqlMessage":"Unknown column 'user_id' in 'field list'","sqlState":"42S22","stack":"Error: Unknown column 'user_id' in 'field list'\n    at PromisePool.query (/Users/eyupi/CascadeProjects/trading-platform/backend/node_modules/mysql2/lib/promise/pool.js:36:22)\n    at /Users/eyupi/CascadeProjects/trading-platform/backend/src/routes/trades.js:137:35\n    at process.processTicksAndRejections (node:internal/process/task_queues:105:5)","timestamp":"2024-12-19 17:26:54"}
{"level":"info","message":"Logger initialized successfully","service":"trading-platform","timestamp":"2024-12-19 17:28:58"}
{"level":"info","message":"[ROUTES] Registering trader route: /trader/auth","service":"trading-platform","timestamp":"2024-12-19 17:28:58"}
{"level":"info","message":"[ROUTES] Registering trader route: /trader/signals","service":"trading-platform","timestamp":"2024-12-19 17:28:58"}
{"level":"info","message":"[ROUTES] Registering trader route: /trader/performance","service":"trading-platform","timestamp":"2024-12-19 17:28:58"}
{"level":"info","message":"[ROUTES] Registering mobile route: /auth","service":"trading-platform","timestamp":"2024-12-19 17:28:58"}
{"level":"info","message":"[ROUTES] Registering mobile route: /markets","service":"trading-platform","timestamp":"2024-12-19 17:28:58"}
{"level":"info","message":"[ROUTES] Registering mobile route: /trades","service":"trading-platform","timestamp":"2024-12-19 17:28:58"}
{"level":"info","message":"[ROUTES] Registering mobile route: /news","service":"trading-platform","timestamp":"2024-12-19 17:28:58"}
{"level":"info","message":"[ROUTES] Registering mobile route: /profile","service":"trading-platform","timestamp":"2024-12-19 17:28:58"}
{"level":"info","message":"[ROUTES] Registering mobile route: /settings","service":"trading-platform","timestamp":"2024-12-19 17:28:58"}
{"level":"info","message":"Server is running on port 5001","service":"trading-platform","timestamp":"2024-12-19 17:28:58"}
{"level":"info","message":"WebSocket server is running on port 5002","service":"trading-platform","timestamp":"2024-12-19 17:28:58"}
{"level":"info","message":"Database connection successful","service":"trading-platform","timestamp":"2024-12-19 17:28:58"}
{"code":"ER_BAD_FIELD_ERROR","errno":1054,"level":"error","message":"Unknown column 'user_id' in 'field list'","service":"trading-platform","sql":"INSERT INTO trades (user_id, signal_id, symbol, entry_price, \n                position_size, direction, status)\n             VALUES (4, '1', 'BTC/USDT', '42000.00000000', 0.1, 'BUY', 'OPEN')","sqlMessage":"Unknown column 'user_id' in 'field list'","sqlState":"42S22","stack":"Error: Unknown column 'user_id' in 'field list'\n    at PromisePool.query (/Users/eyupi/CascadeProjects/trading-platform/backend/node_modules/mysql2/lib/promise/pool.js:36:22)\n    at /Users/eyupi/CascadeProjects/trading-platform/backend/src/routes/trades.js:138:35\n    at process.processTicksAndRejections (node:internal/process/task_queues:105:5)","timestamp":"2024-12-19 17:29:16"}
{"level":"info","message":"Logger initialized successfully","service":"trading-platform","timestamp":"2024-12-19 17:30:58"}
{"level":"info","message":"[ROUTES] Registering trader route: /trader/auth","service":"trading-platform","timestamp":"2024-12-19 17:30:58"}
{"level":"info","message":"[ROUTES] Registering trader route: /trader/signals","service":"trading-platform","timestamp":"2024-12-19 17:30:58"}
{"level":"info","message":"[ROUTES] Registering trader route: /trader/performance","service":"trading-platform","timestamp":"2024-12-19 17:30:58"}
{"level":"info","message":"[ROUTES] Registering mobile route: /auth","service":"trading-platform","timestamp":"2024-12-19 17:30:58"}
{"level":"info","message":"[ROUTES] Registering mobile route: /markets","service":"trading-platform","timestamp":"2024-12-19 17:30:58"}
{"level":"info","message":"[ROUTES] Registering mobile route: /trades","service":"trading-platform","timestamp":"2024-12-19 17:30:58"}
{"level":"info","message":"[ROUTES] Registering mobile route: /news","service":"trading-platform","timestamp":"2024-12-19 17:30:58"}
{"level":"info","message":"[ROUTES] Registering mobile route: /profile","service":"trading-platform","timestamp":"2024-12-19 17:30:58"}
{"level":"info","message":"[ROUTES] Registering mobile route: /settings","service":"trading-platform","timestamp":"2024-12-19 17:30:58"}
{"level":"info","message":"Server is running on port 5001","service":"trading-platform","timestamp":"2024-12-19 17:30:58"}
{"level":"info","message":"WebSocket server is running on port 5002","service":"trading-platform","timestamp":"2024-12-19 17:30:58"}
{"level":"info","message":"Database connection successful","service":"trading-platform","timestamp":"2024-12-19 17:30:58"}
{"level":"info","message":"Logger initialized successfully","service":"trading-platform","timestamp":"2024-12-19 17:35:32"}
{"level":"info","message":"[ROUTES] Registering trader route: /trader/auth","service":"trading-platform","timestamp":"2024-12-19 17:35:32"}
{"level":"info","message":"[ROUTES] Registering trader route: /trader/signals","service":"trading-platform","timestamp":"2024-12-19 17:35:32"}
{"level":"info","message":"[ROUTES] Registering trader route: /trader/performance","service":"trading-platform","timestamp":"2024-12-19 17:35:32"}
{"level":"info","message":"[ROUTES] Registering mobile route: /auth","service":"trading-platform","timestamp":"2024-12-19 17:35:32"}
{"level":"info","message":"[ROUTES] Registering mobile route: /markets","service":"trading-platform","timestamp":"2024-12-19 17:35:32"}
{"level":"info","message":"[ROUTES] Registering mobile route: /trades","service":"trading-platform","timestamp":"2024-12-19 17:35:32"}
{"level":"info","message":"[ROUTES] Registering mobile route: /news","service":"trading-platform","timestamp":"2024-12-19 17:35:32"}
{"level":"info","message":"[ROUTES] Registering mobile route: /profile","service":"trading-platform","timestamp":"2024-12-19 17:35:32"}
{"level":"info","message":"[ROUTES] Registering mobile route: /settings","service":"trading-platform","timestamp":"2024-12-19 17:35:32"}
{"level":"info","message":"Server is running on port 5001","service":"trading-platform","timestamp":"2024-12-19 17:35:32"}
{"level":"info","message":"WebSocket server is running on port 5002","service":"trading-platform","timestamp":"2024-12-19 17:35:32"}
{"level":"info","message":"Database connection successful","service":"trading-platform","timestamp":"2024-12-19 17:35:32"}
{"level":"info","message":"Logger initialized successfully","service":"trading-platform","timestamp":"2024-12-19 17:38:43"}
{"level":"info","message":"[ROUTES] Registering trader route: /trader/auth","service":"trading-platform","timestamp":"2024-12-19 17:38:43"}
{"level":"info","message":"[ROUTES] Registering trader route: /trader/signals","service":"trading-platform","timestamp":"2024-12-19 17:38:43"}
{"level":"info","message":"[ROUTES] Registering trader route: /trader/performance","service":"trading-platform","timestamp":"2024-12-19 17:38:43"}
{"level":"info","message":"[ROUTES] Registering mobile route: /auth","service":"trading-platform","timestamp":"2024-12-19 17:38:43"}
{"level":"info","message":"[ROUTES] Registering mobile route: /markets","service":"trading-platform","timestamp":"2024-12-19 17:38:43"}
{"level":"info","message":"[ROUTES] Registering mobile route: /trades","service":"trading-platform","timestamp":"2024-12-19 17:38:43"}
{"level":"info","message":"[ROUTES] Registering mobile route: /news","service":"trading-platform","timestamp":"2024-12-19 17:38:43"}
{"level":"info","message":"[ROUTES] Registering mobile route: /profile","service":"trading-platform","timestamp":"2024-12-19 17:38:43"}
{"level":"info","message":"[ROUTES] Registering mobile route: /settings","service":"trading-platform","timestamp":"2024-12-19 17:38:43"}
{"level":"info","message":"Server is running on port 5001","service":"trading-platform","timestamp":"2024-12-19 17:38:43"}
{"level":"info","message":"WebSocket server is running on port 5002","service":"trading-platform","timestamp":"2024-12-19 17:38:43"}
{"level":"info","message":"Database connection successful","service":"trading-platform","timestamp":"2024-12-19 17:38:43"}
{"level":"info","message":"Logger initialized successfully","service":"trading-platform","timestamp":"2024-12-19 18:07:46"}
{"level":"info","message":"[ROUTES] Registering trader route: /trader/auth","service":"trading-platform","timestamp":"2024-12-19 18:07:46"}
{"level":"info","message":"[ROUTES] Registering trader route: /trader/signals","service":"trading-platform","timestamp":"2024-12-19 18:07:46"}
{"level":"info","message":"[ROUTES] Registering trader route: /trader/performance","service":"trading-platform","timestamp":"2024-12-19 18:07:46"}
{"level":"info","message":"[ROUTES] Registering mobile route: /auth","service":"trading-platform","timestamp":"2024-12-19 18:07:46"}
{"level":"info","message":"[ROUTES] Registering mobile route: /markets","service":"trading-platform","timestamp":"2024-12-19 18:07:46"}
{"level":"info","message":"[ROUTES] Registering mobile route: /trades","service":"trading-platform","timestamp":"2024-12-19 18:07:46"}
{"level":"info","message":"[ROUTES] Registering mobile route: /news","service":"trading-platform","timestamp":"2024-12-19 18:07:46"}
{"level":"info","message":"[ROUTES] Registering mobile route: /profile","service":"trading-platform","timestamp":"2024-12-19 18:07:46"}
{"level":"info","message":"[ROUTES] Registering mobile route: /settings","service":"trading-platform","timestamp":"2024-12-19 18:07:46"}
{"level":"info","message":"Server is running on port 5001","service":"trading-platform","timestamp":"2024-12-19 18:07:46"}
{"level":"info","message":"WebSocket server is running on port 5002","service":"trading-platform","timestamp":"2024-12-19 18:07:46"}
{"level":"info","message":"Database connection successful","service":"trading-platform","timestamp":"2024-12-19 18:07:46"}
{"level":"info","message":"New WebSocket connection","service":"trading-platform","timestamp":"2024-12-20 17:38:35"}
{"level":"info","message":"Client disconnected","service":"trading-platform","timestamp":"2024-12-20 17:38:39"}
{"level":"info","message":"Logger initialized successfully","service":"trading-platform","timestamp":"2024-12-20 17:50:02"}
{"level":"info","message":"[ROUTES] Registering trader route: /trader/auth","service":"trading-platform","timestamp":"2024-12-20 17:50:02"}
{"level":"info","message":"[ROUTES] Registering trader route: /trader/signals","service":"trading-platform","timestamp":"2024-12-20 17:50:02"}
{"level":"info","message":"[ROUTES] Registering trader route: /trader/performance","service":"trading-platform","timestamp":"2024-12-20 17:50:02"}
{"level":"info","message":"[ROUTES] Registering mobile route: /auth","service":"trading-platform","timestamp":"2024-12-20 17:50:02"}
{"level":"info","message":"[ROUTES] Registering mobile route: /markets","service":"trading-platform","timestamp":"2024-12-20 17:50:02"}
{"level":"info","message":"[ROUTES] Registering mobile route: /trades","service":"trading-platform","timestamp":"2024-12-20 17:50:02"}
{"level":"info","message":"[ROUTES] Registering mobile route: /news","service":"trading-platform","timestamp":"2024-12-20 17:50:02"}
{"level":"info","message":"[ROUTES] Registering mobile route: /profile","service":"trading-platform","timestamp":"2024-12-20 17:50:02"}
{"level":"info","message":"[ROUTES] Registering mobile route: /settings","service":"trading-platform","timestamp":"2024-12-20 17:50:02"}
{"level":"info","message":"Server is running on port 5001","service":"trading-platform","timestamp":"2024-12-20 17:50:02"}
{"level":"info","message":"WebSocket server is running on port 5002","service":"trading-platform","timestamp":"2024-12-20 17:50:02"}
{"level":"info","message":"Database connection successful","service":"trading-platform","timestamp":"2024-12-20 17:50:02"}
{"level":"info","message":"New WebSocket connection","service":"trading-platform","timestamp":"2024-12-20 17:50:06"}
{"level":"info","message":"New WebSocket connection","service":"trading-platform","timestamp":"2024-12-20 17:50:07"}
{"level":"info","message":"New WebSocket connection","service":"trading-platform","timestamp":"2024-12-20 17:50:07"}
{"level":"info","message":"Client disconnected","service":"trading-platform","timestamp":"2024-12-20 17:50:27"}
{"level":"info","message":"Client disconnected","service":"trading-platform","timestamp":"2024-12-20 17:50:28"}
{"level":"info","message":"Client disconnected","service":"trading-platform","timestamp":"2024-12-20 17:50:28"}
{"level":"info","message":"New WebSocket connection","service":"trading-platform","timestamp":"2024-12-20 17:50:33"}
{"level":"info","message":"New WebSocket connection","service":"trading-platform","timestamp":"2024-12-20 17:50:34"}
{"level":"info","message":"New WebSocket connection","service":"trading-platform","timestamp":"2024-12-20 17:50:34"}
{"level":"info","message":"Client disconnected","service":"trading-platform","timestamp":"2024-12-20 17:50:54"}
{"level":"info","message":"Client disconnected","service":"trading-platform","timestamp":"2024-12-20 17:50:55"}
{"level":"info","message":"Client disconnected","service":"trading-platform","timestamp":"2024-12-20 17:50:55"}
{"level":"info","message":"New WebSocket connection","service":"trading-platform","timestamp":"2024-12-20 17:51:58"}
{"level":"info","message":"Client disconnected","service":"trading-platform","timestamp":"2024-12-20 17:52:18"}
{"level":"info","message":"New WebSocket connection","service":"trading-platform","timestamp":"2024-12-20 17:52:19"}
{"level":"info","message":"Client disconnected","service":"trading-platform","timestamp":"2024-12-20 17:52:39"}
{"level":"info","message":"New WebSocket connection","service":"trading-platform","timestamp":"2024-12-20 17:52:41"}
{"level":"info","message":"Client disconnected","service":"trading-platform","timestamp":"2024-12-20 17:53:01"}
{"level":"info","message":"New WebSocket connection","service":"trading-platform","timestamp":"2024-12-20 17:53:05"}
{"level":"info","message":"Client disconnected","service":"trading-platform","timestamp":"2024-12-20 17:53:25"}
{"level":"info","message":"New WebSocket connection","service":"trading-platform","timestamp":"2024-12-20 17:53:29"}
{"level":"info","message":"Client disconnected","service":"trading-platform","timestamp":"2024-12-20 17:53:49"}
{"level":"info","message":"New WebSocket connection","service":"trading-platform","timestamp":"2024-12-20 17:53:54"}
{"level":"info","message":"Client disconnected","service":"trading-platform","timestamp":"2024-12-20 17:54:14"}
{"level":"info","message":"Logger initialized successfully","service":"trading-platform","timestamp":"2024-12-20 17:56:53"}
{"level":"info","message":"[ROUTES] Registering trader route: /trader/auth","service":"trading-platform","timestamp":"2024-12-20 17:56:53"}
{"level":"info","message":"[ROUTES] Registering trader route: /trader/signals","service":"trading-platform","timestamp":"2024-12-20 17:56:53"}
{"level":"info","message":"[ROUTES] Registering trader route: /trader/performance","service":"trading-platform","timestamp":"2024-12-20 17:56:53"}
{"level":"info","message":"[ROUTES] Registering mobile route: /auth","service":"trading-platform","timestamp":"2024-12-20 17:56:53"}
{"level":"info","message":"[ROUTES] Registering mobile route: /markets","service":"trading-platform","timestamp":"2024-12-20 17:56:53"}
{"level":"info","message":"[ROUTES] Registering mobile route: /trades","service":"trading-platform","timestamp":"2024-12-20 17:56:53"}
{"level":"info","message":"[ROUTES] Registering mobile route: /news","service":"trading-platform","timestamp":"2024-12-20 17:56:53"}
{"level":"info","message":"[ROUTES] Registering mobile route: /profile","service":"trading-platform","timestamp":"2024-12-20 17:56:53"}
{"level":"info","message":"[ROUTES] Registering mobile route: /settings","service":"trading-platform","timestamp":"2024-12-20 17:56:53"}
{"level":"info","message":"Server is running on port 5001","service":"trading-platform","timestamp":"2024-12-20 17:56:53"}
{"level":"info","message":"WebSocket server is running on port 5002","service":"trading-platform","timestamp":"2024-12-20 17:56:53"}
{"level":"info","message":"Database connection successful","service":"trading-platform","timestamp":"2024-12-20 17:56:53"}
{"level":"info","message":"New WebSocket connection","service":"trading-platform","timestamp":"2024-12-20 17:57:24"}
{"level":"info","message":"New WebSocket connection","service":"trading-platform","timestamp":"2024-12-20 17:57:38"}
{"level":"info","message":"Client disconnected","service":"trading-platform","timestamp":"2024-12-20 17:57:44"}
{"level":"info","message":"Client disconnected","service":"trading-platform","timestamp":"2024-12-20 17:57:44"}
{"level":"info","message":"New WebSocket connection","service":"trading-platform","timestamp":"2024-12-20 17:57:44"}
{"level":"info","message":"New WebSocket connection","service":"trading-platform","timestamp":"2024-12-20 17:57:45"}
{"level":"info","message":"Client disconnected","service":"trading-platform","timestamp":"2024-12-20 17:57:46"}
{"level":"info","message":"Logger initialized successfully","service":"trading-platform","timestamp":"2024-12-20 18:05:10"}
{"level":"info","message":"[ROUTES] Registering trader route: /trader/auth","service":"trading-platform","timestamp":"2024-12-20 18:05:10"}
{"level":"info","message":"[ROUTES] Registering trader route: /trader/signals","service":"trading-platform","timestamp":"2024-12-20 18:05:10"}
{"level":"info","message":"[ROUTES] Registering trader route: /trader/performance","service":"trading-platform","timestamp":"2024-12-20 18:05:10"}
{"level":"info","message":"[ROUTES] Registering mobile route: /auth","service":"trading-platform","timestamp":"2024-12-20 18:05:10"}
{"level":"info","message":"[ROUTES] Registering mobile route: /markets","service":"trading-platform","timestamp":"2024-12-20 18:05:10"}
{"level":"info","message":"[ROUTES] Registering mobile route: /trades","service":"trading-platform","timestamp":"2024-12-20 18:05:10"}
{"level":"info","message":"[ROUTES] Registering mobile route: /news","service":"trading-platform","timestamp":"2024-12-20 18:05:10"}
{"level":"info","message":"[ROUTES] Registering mobile route: /profile","service":"trading-platform","timestamp":"2024-12-20 18:05:10"}
{"level":"info","message":"[ROUTES] Registering mobile route: /settings","service":"trading-platform","timestamp":"2024-12-20 18:05:10"}
{"level":"info","message":"Server is running on port 5001","service":"trading-platform","timestamp":"2024-12-20 18:05:10"}
{"level":"info","message":"WebSocket server is running on port 5002","service":"trading-platform","timestamp":"2024-12-20 18:05:10"}
{"level":"info","message":"Database connection successful","service":"trading-platform","timestamp":"2024-12-20 18:05:10"}
{"level":"info","message":"New WebSocket connection","service":"trading-platform","timestamp":"2024-12-20 18:08:40"}
{"level":"info","message":"New WebSocket connection","service":"trading-platform","timestamp":"2024-12-20 18:08:59"}
{"level":"info","message":"Client disconnected","service":"trading-platform","timestamp":"2024-12-20 18:09:00"}
{"level":"info","message":"New WebSocket connection","service":"trading-platform","timestamp":"2024-12-20 18:09:01"}
{"level":"info","message":"Client disconnected","service":"trading-platform","timestamp":"2024-12-20 18:09:19"}
{"level":"info","message":"New WebSocket connection","service":"trading-platform","timestamp":"2024-12-20 18:09:19"}
{"level":"info","message":"Client disconnected","service":"trading-platform","timestamp":"2024-12-20 18:09:21"}
{"level":"info","message":"New WebSocket connection","service":"trading-platform","timestamp":"2024-12-20 18:09:23"}
{"level":"info","message":"Client disconnected","service":"trading-platform","timestamp":"2024-12-20 18:09:25"}
{"level":"info","message":"New WebSocket connection","service":"trading-platform","timestamp":"2024-12-20 18:09:25"}
{"level":"info","message":"Client disconnected","service":"trading-platform","timestamp":"2024-12-20 18:09:43"}
{"level":"info","message":"Client disconnected","service":"trading-platform","timestamp":"2024-12-20 18:09:45"}
{"level":"info","message":"New WebSocket connection","service":"trading-platform","timestamp":"2024-12-20 18:09:46"}
{"level":"info","message":"New WebSocket connection","service":"trading-platform","timestamp":"2024-12-20 18:09:46"}
{"code":"ER_TRUNCATED_WRONG_VALUE_FOR_FIELD","errno":1366,"level":"error","message":"Incorrect integer value: 'BUY' for column 'market_id' at row 1","service":"trading-platform","sql":"INSERT INTO signals (trader_id, market_id, entry_price, take_profit, stop_loss, direction, analysis)\n             VALUES (3, 'BUY', '2323', '3223', '3223', 'BUY', 'DCSVXCV')","sqlMessage":"Incorrect integer value: 'BUY' for column 'market_id' at row 1","sqlState":"HY000","stack":"Error: Incorrect integer value: 'BUY' for column 'market_id' at row 1\n    at PromisePool.query (/Users/eyupi/CascadeProjects/trading-platform/backend/node_modules/mysql2/lib/promise/pool.js:36:22)\n    at /Users/eyupi/CascadeProjects/trading-platform/backend/src/routes/trader/signals.js:44:35\n    at Layer.handle [as handle_request] (/Users/eyupi/CascadeProjects/trading-platform/backend/node_modules/express/lib/router/layer.js:95:5)\n    at next (/Users/eyupi/CascadeProjects/trading-platform/backend/node_modules/express/lib/router/route.js:149:13)\n    at isTrader (/Users/eyupi/CascadeProjects/trading-platform/backend/src/middleware/auth.js:28:9)\n    at Layer.handle [as handle_request] (/Users/eyupi/CascadeProjects/trading-platform/backend/node_modules/express/lib/router/layer.js:95:5)\n    at next (/Users/eyupi/CascadeProjects/trading-platform/backend/node_modules/express/lib/router/route.js:149:13)\n    at Route.dispatch (/Users/eyupi/CascadeProjects/trading-platform/backend/node_modules/express/lib/router/route.js:119:3)\n    at Layer.handle [as handle_request] (/Users/eyupi/CascadeProjects/trading-platform/backend/node_modules/express/lib/router/layer.js:95:5)\n    at /Users/eyupi/CascadeProjects/trading-platform/backend/node_modules/express/lib/router/index.js:284:15","timestamp":"2024-12-20 18:09:46"}
{"level":"info","message":"New WebSocket connection","service":"trading-platform","timestamp":"2024-12-20 18:09:53"}
{"level":"info","message":"Client disconnected","service":"trading-platform","timestamp":"2024-12-20 18:10:06"}
{"level":"info","message":"Client disconnected","service":"trading-platform","timestamp":"2024-12-20 18:10:06"}
{"level":"info","message":"New WebSocket connection","service":"trading-platform","timestamp":"2024-12-20 18:10:09"}
{"level":"info","message":"New WebSocket connection","service":"trading-platform","timestamp":"2024-12-20 18:10:11"}
{"level":"info","message":"Client disconnected","service":"trading-platform","timestamp":"2024-12-20 18:10:14"}
{"level":"info","message":"New WebSocket connection","service":"trading-platform","timestamp":"2024-12-20 18:10:15"}
{"level":"info","message":"Client disconnected","service":"trading-platform","timestamp":"2024-12-20 18:10:29"}
{"level":"info","message":"Client disconnected","service":"trading-platform","timestamp":"2024-12-20 18:10:31"}
{"level":"info","message":"New WebSocket connection","service":"trading-platform","timestamp":"2024-12-20 18:10:34"}
{"level":"info","message":"New WebSocket connection","service":"trading-platform","timestamp":"2024-12-20 18:10:36"}
{"level":"info","message":"Client disconnected","service":"trading-platform","timestamp":"2024-12-20 18:10:36"}
{"level":"info","message":"New WebSocket connection","service":"trading-platform","timestamp":"2024-12-20 18:10:38"}
{"level":"info","message":"Client disconnected","service":"trading-platform","timestamp":"2024-12-20 18:10:56"}
{"level":"info","message":"Client disconnected","service":"trading-platform","timestamp":"2024-12-20 18:11:43"}
{"level":"info","message":"Client disconnected","service":"trading-platform","timestamp":"2024-12-20 18:11:43"}
{"level":"info","message":"Logger initialized successfully","service":"trading-platform","timestamp":"2024-12-20 18:12:31"}
{"level":"info","message":"[ROUTES] Registering trader route: /trader/auth","service":"trading-platform","timestamp":"2024-12-20 18:12:31"}
{"level":"info","message":"[ROUTES] Registering trader route: /trader/signals","service":"trading-platform","timestamp":"2024-12-20 18:12:31"}
{"level":"info","message":"[ROUTES] Registering trader route: /trader/performance","service":"trading-platform","timestamp":"2024-12-20 18:12:31"}
{"level":"info","message":"[ROUTES] Registering mobile route: /auth","service":"trading-platform","timestamp":"2024-12-20 18:12:31"}
{"level":"info","message":"[ROUTES] Registering mobile route: /markets","service":"trading-platform","timestamp":"2024-12-20 18:12:31"}
{"level":"info","message":"[ROUTES] Registering mobile route: /trades","service":"trading-platform","timestamp":"2024-12-20 18:12:31"}
{"level":"info","message":"[ROUTES] Registering mobile route: /news","service":"trading-platform","timestamp":"2024-12-20 18:12:31"}
{"level":"info","message":"[ROUTES] Registering mobile route: /profile","service":"trading-platform","timestamp":"2024-12-20 18:12:31"}
{"level":"info","message":"[ROUTES] Registering mobile route: /settings","service":"trading-platform","timestamp":"2024-12-20 18:12:31"}
{"level":"info","message":"Server is running on port 5001","service":"trading-platform","timestamp":"2024-12-20 18:12:31"}
{"level":"info","message":"WebSocket server is running on port 5002","service":"trading-platform","timestamp":"2024-12-20 18:12:31"}
{"level":"info","message":"Database connection successful","service":"trading-platform","timestamp":"2024-12-20 18:12:31"}
{"level":"info","message":"New WebSocket connection","service":"trading-platform","timestamp":"2024-12-20 18:12:43"}
{"level":"info","message":"New WebSocket connection","service":"trading-platform","timestamp":"2024-12-20 18:12:43"}
{"level":"info","message":"Logger initialized successfully","service":"trading-platform","timestamp":"2024-12-20 18:12:50"}
{"level":"info","message":"[ROUTES] Registering trader route: /trader/auth","service":"trading-platform","timestamp":"2024-12-20 18:12:50"}
{"level":"info","message":"[ROUTES] Registering trader route: /trader/signals","service":"trading-platform","timestamp":"2024-12-20 18:12:50"}
{"level":"info","message":"[ROUTES] Registering trader route: /trader/performance","service":"trading-platform","timestamp":"2024-12-20 18:12:50"}
{"level":"info","message":"[ROUTES] Registering mobile route: /auth","service":"trading-platform","timestamp":"2024-12-20 18:12:50"}
{"level":"info","message":"[ROUTES] Registering mobile route: /markets","service":"trading-platform","timestamp":"2024-12-20 18:12:50"}
{"level":"info","message":"[ROUTES] Registering mobile route: /trades","service":"trading-platform","timestamp":"2024-12-20 18:12:50"}
{"level":"info","message":"[ROUTES] Registering mobile route: /news","service":"trading-platform","timestamp":"2024-12-20 18:12:50"}
{"level":"info","message":"[ROUTES] Registering mobile route: /profile","service":"trading-platform","timestamp":"2024-12-20 18:12:50"}
{"level":"info","message":"[ROUTES] Registering mobile route: /settings","service":"trading-platform","timestamp":"2024-12-20 18:12:50"}
{"level":"info","message":"Server is running on port 5001","service":"trading-platform","timestamp":"2024-12-20 18:12:50"}
{"level":"info","message":"WebSocket server is running on port 5002","service":"trading-platform","timestamp":"2024-12-20 18:12:50"}
{"level":"info","message":"Database connection successful","service":"trading-platform","timestamp":"2024-12-20 18:12:50"}
{"level":"info","message":"Logger initialized successfully","service":"trading-platform","timestamp":"2024-12-20 18:13:58"}
{"level":"info","message":"[ROUTES] Registering trader route: /trader/auth","service":"trading-platform","timestamp":"2024-12-20 18:13:58"}
{"level":"info","message":"[ROUTES] Registering trader route: /trader/signals","service":"trading-platform","timestamp":"2024-12-20 18:13:58"}
{"level":"info","message":"[ROUTES] Registering trader route: /trader/performance","service":"trading-platform","timestamp":"2024-12-20 18:13:58"}
{"level":"info","message":"[ROUTES] Registering mobile route: /auth","service":"trading-platform","timestamp":"2024-12-20 18:13:58"}
{"level":"info","message":"[ROUTES] Registering mobile route: /markets","service":"trading-platform","timestamp":"2024-12-20 18:13:58"}
{"level":"info","message":"[ROUTES] Registering mobile route: /trades","service":"trading-platform","timestamp":"2024-12-20 18:13:58"}
{"level":"info","message":"[ROUTES] Registering mobile route: /news","service":"trading-platform","timestamp":"2024-12-20 18:13:58"}
{"level":"info","message":"[ROUTES] Registering mobile route: /profile","service":"trading-platform","timestamp":"2024-12-20 18:13:58"}
{"level":"info","message":"[ROUTES] Registering mobile route: /settings","service":"trading-platform","timestamp":"2024-12-20 18:13:58"}
{"level":"info","message":"Server is running on port 5001","service":"trading-platform","timestamp":"2024-12-20 18:13:58"}
{"level":"info","message":"WebSocket server is running on port 5002","service":"trading-platform","timestamp":"2024-12-20 18:13:58"}
{"level":"info","message":"Database connection successful","service":"trading-platform","timestamp":"2024-12-20 18:13:58"}
{"level":"info","message":"Logger initialized successfully","service":"trading-platform","timestamp":"2024-12-20 18:14:09"}
{"level":"info","message":"[ROUTES] Registering trader route: /trader/auth","service":"trading-platform","timestamp":"2024-12-20 18:14:09"}
{"level":"info","message":"[ROUTES] Registering trader route: /trader/signals","service":"trading-platform","timestamp":"2024-12-20 18:14:09"}
{"level":"info","message":"[ROUTES] Registering trader route: /trader/performance","service":"trading-platform","timestamp":"2024-12-20 18:14:09"}
{"level":"info","message":"[ROUTES] Registering mobile route: /auth","service":"trading-platform","timestamp":"2024-12-20 18:14:09"}
{"level":"info","message":"[ROUTES] Registering mobile route: /markets","service":"trading-platform","timestamp":"2024-12-20 18:14:09"}
{"level":"info","message":"[ROUTES] Registering mobile route: /trades","service":"trading-platform","timestamp":"2024-12-20 18:14:09"}
{"level":"info","message":"[ROUTES] Registering mobile route: /news","service":"trading-platform","timestamp":"2024-12-20 18:14:09"}
{"level":"info","message":"[ROUTES] Registering mobile route: /profile","service":"trading-platform","timestamp":"2024-12-20 18:14:09"}
{"level":"info","message":"[ROUTES] Registering mobile route: /settings","service":"trading-platform","timestamp":"2024-12-20 18:14:09"}
{"level":"info","message":"Server is running on port 5001","service":"trading-platform","timestamp":"2024-12-20 18:14:09"}
{"level":"info","message":"WebSocket server is running on port 5002","service":"trading-platform","timestamp":"2024-12-20 18:14:09"}
{"level":"info","message":"Database connection successful","service":"trading-platform","timestamp":"2024-12-20 18:14:09"}
{"level":"info","message":"New client connected","service":"trading-platform","timestamp":"2024-12-20 18:14:43"}
{"level":"info","message":"New client connected","service":"trading-platform","timestamp":"2024-12-20 18:14:43"}
{"level":"info","message":"Client disconnected","service":"trading-platform","timestamp":"2024-12-20 18:15:43"}
{"level":"info","message":"Client disconnected","service":"trading-platform","timestamp":"2024-12-20 18:15:43"}
{"level":"info","message":"New client connected","service":"trading-platform","timestamp":"2024-12-20 18:16:43"}
{"level":"info","message":"Client disconnected","service":"trading-platform","timestamp":"2024-12-20 18:17:26"}
{"level":"info","message":"New client connected","service":"trading-platform","timestamp":"2024-12-20 18:17:29"}
{"level":"info","message":"Client disconnected","service":"trading-platform","timestamp":"2024-12-20 18:17:50"}
{"level":"info","message":"New client connected","service":"trading-platform","timestamp":"2024-12-20 18:17:51"}
{"level":"info","message":"Client disconnected","service":"trading-platform","timestamp":"2024-12-20 18:18:12"}
{"level":"info","message":"New client connected","service":"trading-platform","timestamp":"2024-12-20 18:18:14"}
{"level":"info","message":"Client disconnected","service":"trading-platform","timestamp":"2024-12-20 18:18:35"}
{"level":"info","message":"New client connected","service":"trading-platform","timestamp":"2024-12-20 18:18:43"}
{"level":"info","message":"Logger initialized successfully","service":"trading-platform","timestamp":"2024-12-20 18:19:20"}
{"level":"info","message":"[ROUTES] Registering trader route: /trader/auth","service":"trading-platform","timestamp":"2024-12-20 18:19:20"}
{"level":"info","message":"[ROUTES] Registering trader route: /trader/signals","service":"trading-platform","timestamp":"2024-12-20 18:19:20"}
{"level":"info","message":"[ROUTES] Registering trader route: /trader/performance","service":"trading-platform","timestamp":"2024-12-20 18:19:20"}
{"level":"info","message":"[ROUTES] Registering mobile route: /auth","service":"trading-platform","timestamp":"2024-12-20 18:19:20"}
{"level":"info","message":"[ROUTES] Registering mobile route: /markets","service":"trading-platform","timestamp":"2024-12-20 18:19:20"}
{"level":"info","message":"[ROUTES] Registering mobile route: /trades","service":"trading-platform","timestamp":"2024-12-20 18:19:20"}
{"level":"info","message":"[ROUTES] Registering mobile route: /news","service":"trading-platform","timestamp":"2024-12-20 18:19:20"}
{"level":"info","message":"[ROUTES] Registering mobile route: /profile","service":"trading-platform","timestamp":"2024-12-20 18:19:20"}
{"level":"info","message":"[ROUTES] Registering mobile route: /settings","service":"trading-platform","timestamp":"2024-12-20 18:19:20"}
{"level":"info","message":"Server is running on port 5001","service":"trading-platform","timestamp":"2024-12-20 18:19:20"}
{"level":"info","message":"WebSocket server is running on port 5002","service":"trading-platform","timestamp":"2024-12-20 18:19:20"}
{"level":"info","message":"Database connection successful","service":"trading-platform","timestamp":"2024-12-20 18:19:20"}
{"level":"info","message":"Logger initialized successfully","service":"trading-platform","timestamp":"2024-12-20 18:24:34"}
{"level":"info","message":"[ROUTES] Registering trader route: /trader/auth","service":"trading-platform","timestamp":"2024-12-20 18:24:34"}
{"level":"info","message":"[ROUTES] Registering trader route: /trader/signals","service":"trading-platform","timestamp":"2024-12-20 18:24:34"}
{"level":"info","message":"[ROUTES] Registering trader route: /trader/performance","service":"trading-platform","timestamp":"2024-12-20 18:24:34"}
{"level":"info","message":"[ROUTES] Registering mobile route: /auth","service":"trading-platform","timestamp":"2024-12-20 18:24:34"}
{"level":"info","message":"[ROUTES] Registering mobile route: /markets","service":"trading-platform","timestamp":"2024-12-20 18:24:34"}
{"level":"info","message":"[ROUTES] Registering mobile route: /trades","service":"trading-platform","timestamp":"2024-12-20 18:24:34"}
{"level":"info","message":"[ROUTES] Registering mobile route: /news","service":"trading-platform","timestamp":"2024-12-20 18:24:34"}
{"level":"info","message":"[ROUTES] Registering mobile route: /profile","service":"trading-platform","timestamp":"2024-12-20 18:24:34"}
{"level":"info","message":"[ROUTES] Registering mobile route: /settings","service":"trading-platform","timestamp":"2024-12-20 18:24:34"}
{"level":"info","message":"Server is running on port 5001","service":"trading-platform","timestamp":"2024-12-20 18:24:34"}
{"level":"info","message":"WebSocket server is running on port 5002","service":"trading-platform","timestamp":"2024-12-20 18:24:34"}
{"level":"info","message":"Database connection successful","service":"trading-platform","timestamp":"2024-12-20 18:24:34"}
{"level":"info","message":"Logger initialized successfully","service":"trading-platform","timestamp":"2024-12-20 18:24:37"}
{"level":"info","message":"[ROUTES] Registering trader route: /trader/auth","service":"trading-platform","timestamp":"2024-12-20 18:24:37"}
{"level":"info","message":"[ROUTES] Registering trader route: /trader/signals","service":"trading-platform","timestamp":"2024-12-20 18:24:37"}
{"level":"info","message":"[ROUTES] Registering trader route: /trader/performance","service":"trading-platform","timestamp":"2024-12-20 18:24:37"}
{"level":"info","message":"[ROUTES] Registering mobile route: /auth","service":"trading-platform","timestamp":"2024-12-20 18:24:37"}
{"level":"info","message":"[ROUTES] Registering mobile route: /markets","service":"trading-platform","timestamp":"2024-12-20 18:24:37"}
{"level":"info","message":"[ROUTES] Registering mobile route: /trades","service":"trading-platform","timestamp":"2024-12-20 18:24:37"}
{"level":"info","message":"[ROUTES] Registering mobile route: /news","service":"trading-platform","timestamp":"2024-12-20 18:24:37"}
{"level":"info","message":"[ROUTES] Registering mobile route: /profile","service":"trading-platform","timestamp":"2024-12-20 18:24:37"}
{"level":"info","message":"[ROUTES] Registering mobile route: /settings","service":"trading-platform","timestamp":"2024-12-20 18:24:37"}
{"level":"info","message":"Server is running on port 5001","service":"trading-platform","timestamp":"2024-12-20 18:24:37"}
{"level":"info","message":"WebSocket server is running on port 5002","service":"trading-platform","timestamp":"2024-12-20 18:24:37"}
{"level":"info","message":"Database connection successful","service":"trading-platform","timestamp":"2024-12-20 18:24:37"}
{"level":"info","message":"Logger initialized successfully","service":"trading-platform","timestamp":"2024-12-20 18:26:29"}
{"level":"info","message":"Server is running on port 5001","service":"trading-platform","timestamp":"2024-12-20 18:26:29"}
{"level":"info","message":"WebSocket server is running on port 5002","service":"trading-platform","timestamp":"2024-12-20 18:26:29"}
{"level":"info","message":"Database connection successful","service":"trading-platform","timestamp":"2024-12-20 18:26:29"}
{"level":"info","message":"Logger initialized successfully","service":"trading-platform","timestamp":"2024-12-20 18:30:20"}
{"level":"info","message":"Server is running on port 5001","service":"trading-platform","timestamp":"2024-12-20 18:30:20"}
{"level":"info","message":"WebSocket server is running on port 5002","service":"trading-platform","timestamp":"2024-12-20 18:30:20"}
{"level":"info","message":"Database connection successful","service":"trading-platform","timestamp":"2024-12-20 18:30:20"}
{"level":"error","message":"Error getting trader profile: Cannot read properties of undefined (reading 'id')","service":"trading-platform","stack":"TypeError: Cannot read properties of undefined (reading 'id')\n    at /Users/eyupi/CascadeProjects/trading-platform/backend/src/routes/trader/auth.js:55:35\n    at Layer.handle [as handle_request] (/Users/eyupi/CascadeProjects/trading-platform/backend/node_modules/express/lib/router/layer.js:95:5)\n    at next (/Users/eyupi/CascadeProjects/trading-platform/backend/node_modules/express/lib/router/route.js:149:13)\n    at Route.dispatch (/Users/eyupi/CascadeProjects/trading-platform/backend/node_modules/express/lib/router/route.js:119:3)\n    at Layer.handle [as handle_request] (/Users/eyupi/CascadeProjects/trading-platform/backend/node_modules/express/lib/router/layer.js:95:5)\n    at /Users/eyupi/CascadeProjects/trading-platform/backend/node_modules/express/lib/router/index.js:284:15\n    at Function.process_params (/Users/eyupi/CascadeProjects/trading-platform/backend/node_modules/express/lib/router/index.js:346:12)\n    at next (/Users/eyupi/CascadeProjects/trading-platform/backend/node_modules/express/lib/router/index.js:280:10)\n    at Function.handle (/Users/eyupi/CascadeProjects/trading-platform/backend/node_modules/express/lib/router/index.js:175:3)\n    at router (/Users/eyupi/CascadeProjects/trading-platform/backend/node_modules/express/lib/router/index.js:47:12)","timestamp":"2024-12-20 18:40:16"}
{"level":"error","message":"Error getting trader profile: Cannot read properties of undefined (reading 'id')","service":"trading-platform","stack":"TypeError: Cannot read properties of undefined (reading 'id')\n    at /Users/eyupi/CascadeProjects/trading-platform/backend/src/routes/trader/auth.js:55:35\n    at Layer.handle [as handle_request] (/Users/eyupi/CascadeProjects/trading-platform/backend/node_modules/express/lib/router/layer.js:95:5)\n    at next (/Users/eyupi/CascadeProjects/trading-platform/backend/node_modules/express/lib/router/route.js:149:13)\n    at Route.dispatch (/Users/eyupi/CascadeProjects/trading-platform/backend/node_modules/express/lib/router/route.js:119:3)\n    at Layer.handle [as handle_request] (/Users/eyupi/CascadeProjects/trading-platform/backend/node_modules/express/lib/router/layer.js:95:5)\n    at /Users/eyupi/CascadeProjects/trading-platform/backend/node_modules/express/lib/router/index.js:284:15\n    at Function.process_params (/Users/eyupi/CascadeProjects/trading-platform/backend/node_modules/express/lib/router/index.js:346:12)\n    at next (/Users/eyupi/CascadeProjects/trading-platform/backend/node_modules/express/lib/router/index.js:280:10)\n    at Function.handle (/Users/eyupi/CascadeProjects/trading-platform/backend/node_modules/express/lib/router/index.js:175:3)\n    at router (/Users/eyupi/CascadeProjects/trading-platform/backend/node_modules/express/lib/router/index.js:47:12)","timestamp":"2024-12-20 18:40:16"}
{"code":"ER_TRUNCATED_WRONG_VALUE_FOR_FIELD","errno":1366,"level":"error","message":"Incorrect integer value: 'BUY' for column 'market_id' at row 1","service":"trading-platform","sql":"INSERT INTO signals (trader_id, market_id, entry_price, take_profit, stop_loss, direction, analysis)\n             VALUES (5, 'BUY', '21321', '213123', '213213', 'BUY', 'fdsfsd')","sqlMessage":"Incorrect integer value: 'BUY' for column 'market_id' at row 1","sqlState":"HY000","stack":"Error: Incorrect integer value: 'BUY' for column 'market_id' at row 1\n    at PromisePool.query (/Users/eyupi/CascadeProjects/trading-platform/backend/node_modules/mysql2/lib/promise/pool.js:36:22)\n    at /Users/eyupi/CascadeProjects/trading-platform/backend/src/routes/trader/signals.js:45:35\n    at Layer.handle [as handle_request] (/Users/eyupi/CascadeProjects/trading-platform/backend/node_modules/express/lib/router/layer.js:95:5)\n    at next (/Users/eyupi/CascadeProjects/trading-platform/backend/node_modules/express/lib/router/route.js:149:13)\n    at isTrader (/Users/eyupi/CascadeProjects/trading-platform/backend/src/middleware/auth.js:28:9)\n    at Layer.handle [as handle_request] (/Users/eyupi/CascadeProjects/trading-platform/backend/node_modules/express/lib/router/layer.js:95:5)\n    at next (/Users/eyupi/CascadeProjects/trading-platform/backend/node_modules/express/lib/router/route.js:149:13)\n    at Route.dispatch (/Users/eyupi/CascadeProjects/trading-platform/backend/node_modules/express/lib/router/route.js:119:3)\n    at Layer.handle [as handle_request] (/Users/eyupi/CascadeProjects/trading-platform/backend/node_modules/express/lib/router/layer.js:95:5)\n    at /Users/eyupi/CascadeProjects/trading-platform/backend/node_modules/express/lib/router/index.js:284:15","timestamp":"2024-12-20 18:52:24"}
{"level":"error","message":"Error getting trader profile: Cannot read properties of undefined (reading 'id')","service":"trading-platform","stack":"TypeError: Cannot read properties of undefined (reading 'id')\n    at /Users/eyupi/CascadeProjects/trading-platform/backend/src/routes/trader/auth.js:55:35\n    at Layer.handle [as handle_request] (/Users/eyupi/CascadeProjects/trading-platform/backend/node_modules/express/lib/router/layer.js:95:5)\n    at next (/Users/eyupi/CascadeProjects/trading-platform/backend/node_modules/express/lib/router/route.js:149:13)\n    at Route.dispatch (/Users/eyupi/CascadeProjects/trading-platform/backend/node_modules/express/lib/router/route.js:119:3)\n    at Layer.handle [as handle_request] (/Users/eyupi/CascadeProjects/trading-platform/backend/node_modules/express/lib/router/layer.js:95:5)\n    at /Users/eyupi/CascadeProjects/trading-platform/backend/node_modules/express/lib/router/index.js:284:15\n    at Function.process_params (/Users/eyupi/CascadeProjects/trading-platform/backend/node_modules/express/lib/router/index.js:346:12)\n    at next (/Users/eyupi/CascadeProjects/trading-platform/backend/node_modules/express/lib/router/index.js:280:10)\n    at Function.handle (/Users/eyupi/CascadeProjects/trading-platform/backend/node_modules/express/lib/router/index.js:175:3)\n    at router (/Users/eyupi/CascadeProjects/trading-platform/backend/node_modules/express/lib/router/index.js:47:12)","timestamp":"2024-12-20 18:52:28"}
{"level":"error","message":"Error getting trader profile: Cannot read properties of undefined (reading 'id')","service":"trading-platform","stack":"TypeError: Cannot read properties of undefined (reading 'id')\n    at /Users/eyupi/CascadeProjects/trading-platform/backend/src/routes/trader/auth.js:55:35\n    at Layer.handle [as handle_request] (/Users/eyupi/CascadeProjects/trading-platform/backend/node_modules/express/lib/router/layer.js:95:5)\n    at next (/Users/eyupi/CascadeProjects/trading-platform/backend/node_modules/express/lib/router/route.js:149:13)\n    at Route.dispatch (/Users/eyupi/CascadeProjects/trading-platform/backend/node_modules/express/lib/router/route.js:119:3)\n    at Layer.handle [as handle_request] (/Users/eyupi/CascadeProjects/trading-platform/backend/node_modules/express/lib/router/layer.js:95:5)\n    at /Users/eyupi/CascadeProjects/trading-platform/backend/node_modules/express/lib/router/index.js:284:15\n    at Function.process_params (/Users/eyupi/CascadeProjects/trading-platform/backend/node_modules/express/lib/router/index.js:346:12)\n    at next (/Users/eyupi/CascadeProjects/trading-platform/backend/node_modules/express/lib/router/index.js:280:10)\n    at Function.handle (/Users/eyupi/CascadeProjects/trading-platform/backend/node_modules/express/lib/router/index.js:175:3)\n    at router (/Users/eyupi/CascadeProjects/trading-platform/backend/node_modules/express/lib/router/index.js:47:12)","timestamp":"2024-12-20 18:52:28"}
{"level":"error","message":"Error getting trader profile: Cannot read properties of undefined (reading 'id')","service":"trading-platform","stack":"TypeError: Cannot read properties of undefined (reading 'id')\n    at /Users/eyupi/CascadeProjects/trading-platform/backend/src/routes/trader/auth.js:55:35\n    at Layer.handle [as handle_request] (/Users/eyupi/CascadeProjects/trading-platform/backend/node_modules/express/lib/router/layer.js:95:5)\n    at next (/Users/eyupi/CascadeProjects/trading-platform/backend/node_modules/express/lib/router/route.js:149:13)\n    at Route.dispatch (/Users/eyupi/CascadeProjects/trading-platform/backend/node_modules/express/lib/router/route.js:119:3)\n    at Layer.handle [as handle_request] (/Users/eyupi/CascadeProjects/trading-platform/backend/node_modules/express/lib/router/layer.js:95:5)\n    at /Users/eyupi/CascadeProjects/trading-platform/backend/node_modules/express/lib/router/index.js:284:15\n    at Function.process_params (/Users/eyupi/CascadeProjects/trading-platform/backend/node_modules/express/lib/router/index.js:346:12)\n    at next (/Users/eyupi/CascadeProjects/trading-platform/backend/node_modules/express/lib/router/index.js:280:10)\n    at Function.handle (/Users/eyupi/CascadeProjects/trading-platform/backend/node_modules/express/lib/router/index.js:175:3)\n    at router (/Users/eyupi/CascadeProjects/trading-platform/backend/node_modules/express/lib/router/index.js:47:12)","timestamp":"2024-12-20 18:53:45"}
{"level":"error","message":"Error getting trader profile: Cannot read properties of undefined (reading 'id')","service":"trading-platform","stack":"TypeError: Cannot read properties of undefined (reading 'id')\n    at /Users/eyupi/CascadeProjects/trading-platform/backend/src/routes/trader/auth.js:55:35\n    at Layer.handle [as handle_request] (/Users/eyupi/CascadeProjects/trading-platform/backend/node_modules/express/lib/router/layer.js:95:5)\n    at next (/Users/eyupi/CascadeProjects/trading-platform/backend/node_modules/express/lib/router/route.js:149:13)\n    at Route.dispatch (/Users/eyupi/CascadeProjects/trading-platform/backend/node_modules/express/lib/router/route.js:119:3)\n    at Layer.handle [as handle_request] (/Users/eyupi/CascadeProjects/trading-platform/backend/node_modules/express/lib/router/layer.js:95:5)\n    at /Users/eyupi/CascadeProjects/trading-platform/backend/node_modules/express/lib/router/index.js:284:15\n    at Function.process_params (/Users/eyupi/CascadeProjects/trading-platform/backend/node_modules/express/lib/router/index.js:346:12)\n    at next (/Users/eyupi/CascadeProjects/trading-platform/backend/node_modules/express/lib/router/index.js:280:10)\n    at Function.handle (/Users/eyupi/CascadeProjects/trading-platform/backend/node_modules/express/lib/router/index.js:175:3)\n    at router (/Users/eyupi/CascadeProjects/trading-platform/backend/node_modules/express/lib/router/index.js:47:12)","timestamp":"2024-12-20 18:53:45"}
